c:\users\戴利丰\documents\visual studio 2015\projects\buildcomputer\buildcomputer\debug\ramfactory.obj
c:\users\戴利丰\documents\visual studio 2015\projects\buildcomputer\buildcomputer\debug\ram.obj
c:\users\戴利丰\documents\visual studio 2015\projects\buildcomputer\buildcomputer\debug\multimediaram.obj
c:\users\戴利丰\documents\visual studio 2015\projects\buildcomputer\buildcomputer\debug\multimediagpu.obj
c:\users\戴利丰\documents\visual studio 2015\projects\buildcomputer\buildcomputer\debug\multimediacpu.obj
c:\users\戴利丰\documents\visual studio 2015\projects\buildcomputer\buildcomputer\debug\maker.obj
c:\users\戴利丰\documents\visual studio 2015\projects\buildcomputer\buildcomputer\debug\gpufactory.obj
c:\users\戴利丰\documents\visual studio 2015\projects\buildcomputer\buildcomputer\debug\gpu.obj
c:\users\戴利丰\documents\visual studio 2015\projects\buildcomputer\buildcomputer\debug\gameram.obj
c:\users\戴利丰\documents\visual studio 2015\projects\buildcomputer\buildcomputer\debug\gamegpu.obj
c:\users\戴利丰\documents\visual studio 2015\projects\buildcomputer\buildcomputer\debug\gamecpu.obj
c:\users\戴利丰\documents\visual studio 2015\projects\buildcomputer\buildcomputer\debug\cpufactory.obj
c:\users\戴利丰\documents\visual studio 2015\projects\buildcomputer\buildcomputer\debug\cpu.obj
c:\users\戴利丰\documents\visual studio 2015\projects\buildcomputer\buildcomputer\debug\computercomponent.obj
c:\users\戴利丰\documents\visual studio 2015\projects\buildcomputer\buildcomputer\debug\computer.obj
c:\users\戴利丰\documents\visual studio 2015\projects\buildcomputer\buildcomputer\debug\businessram.obj
c:\users\戴利丰\documents\visual studio 2015\projects\buildcomputer\buildcomputer\debug\businessgpu.obj
c:\users\戴利丰\documents\visual studio 2015\projects\buildcomputer\buildcomputer\debug\businesscpu.obj
c:\users\戴利丰\documents\visual studio 2015\projects\buildcomputer\buildcomputer\debug\buildcomputer.tlog\cl.command.1.tlog
c:\users\戴利丰\documents\visual studio 2015\projects\buildcomputer\buildcomputer\debug\buildcomputer.tlog\cl.read.1.tlog
c:\users\戴利丰\documents\visual studio 2015\projects\buildcomputer\buildcomputer\debug\buildcomputer.tlog\cl.write.1.tlog
